<?xml version="1.0" encoding="UTF-8"?>
<coverage generated="1570558323443" clover="3.2.0">
  <project timestamp="1570558323444" name="All files">
    <metrics statements="47" coveredstatements="45" conditionals="48" coveredconditionals="45" methods="6" coveredmethods="6" elements="101" coveredelements="96" complexity="0" loc="47" ncloc="47" packages="1" files="1" classes="1"/>
    <file name="BinarySearchTree.js" path="/Users/jonathanwhite/Desktop/CSB 19:20/COMP SCI/SOFTWARE ENGINEERING/ASSIGNMENTS/LowestCommonAncestor/BinarySearchTree.js">
      <metrics statements="47" coveredstatements="45" conditionals="48" coveredconditionals="45" methods="6" coveredmethods="6"/>
      <line num="4" count="4" type="stmt"/>
      <line num="8" count="35" type="stmt"/>
      <line num="16" count="35" type="cond" truecount="2" falsecount="0"/>
      <line num="17" count="4" type="stmt"/>
      <line num="19" count="31" type="stmt"/>
      <line num="20" count="31" type="stmt"/>
      <line num="21" count="70" type="cond" truecount="2" falsecount="0"/>
      <line num="22" count="20" type="cond" truecount="2" falsecount="0"/>
      <line num="23" count="14" type="stmt"/>
      <line num="25" count="14" type="stmt"/>
      <line num="27" count="6" type="stmt"/>
      <line num="29" count="50" type="cond" truecount="2" falsecount="0"/>
      <line num="30" count="49" type="cond" truecount="2" falsecount="0"/>
      <line num="31" count="16" type="stmt"/>
      <line num="33" count="16" type="stmt"/>
      <line num="35" count="33" type="stmt"/>
      <line num="38" count="1" type="stmt"/>
      <line num="48" count="74" type="cond" truecount="2" falsecount="0"/>
      <line num="49" count="6" type="stmt"/>
      <line num="53" count="68" type="cond" truecount="2" falsecount="0"/>
      <line num="54" count="22" type="stmt"/>
      <line num="58" count="46" type="cond" truecount="2" falsecount="0"/>
      <line num="59" count="30" type="stmt"/>
      <line num="64" count="16" type="stmt"/>
      <line num="68" count="23" type="cond" truecount="2" falsecount="0"/>
      <line num="69" count="22" type="cond" truecount="2" falsecount="0"/>
      <line num="70" count="6" type="stmt"/>
      <line num="72" count="16" type="stmt"/>
      <line num="75" count="1" type="stmt"/>
      <line num="80" count="14" type="cond" truecount="2" falsecount="0"/>
      <line num="81" count="1" type="stmt"/>
      <line num="84" count="13" type="cond" truecount="4" falsecount="0"/>
      <line num="85" count="6" type="stmt"/>
      <line num="87" count="7" type="cond" truecount="2" falsecount="0"/>
      <line num="88" count="2" type="stmt"/>
      <line num="91" count="5" type="cond" truecount="3" falsecount="1"/>
      <line num="92" count="0" type="stmt"/>
      <line num="95" count="5" type="cond" truecount="3" falsecount="1"/>
      <line num="96" count="0" type="stmt"/>
      <line num="98" count="5" type="stmt"/>
      <line num="102" count="9" type="cond" truecount="1" falsecount="1"/>
      <line num="104" count="9" type="stmt"/>
      <line num="105" count="9" type="cond" truecount="4" falsecount="0"/>
      <line num="106" count="1" type="stmt"/>
      <line num="108" count="8" type="cond" truecount="4" falsecount="0"/>
      <line num="109" count="3" type="stmt"/>
      <line num="111" count="5" type="stmt"/>
    </file>
  </project>
</coverage>
