{"/Users/jonathanwhite/Desktop/CSB 19:20/COMP SCI/SOFTWARE ENGINEERING/ASSIGNMENTS/LowestCommonAncestor/BinarySearchTree.js": {"path":"/Users/jonathanwhite/Desktop/CSB 19:20/COMP SCI/SOFTWARE ENGINEERING/ASSIGNMENTS/LowestCommonAncestor/BinarySearchTree.js","statementMap":{"0":{"start":{"line":4,"column":8},"end":{"line":4,"column":25}},"1":{"start":{"line":8,"column":19},"end":{"line":12,"column":9}},"2":{"start":{"line":16,"column":8},"end":{"line":41,"column":9}},"3":{"start":{"line":17,"column":12},"end":{"line":17,"column":29}},"4":{"start":{"line":19,"column":12},"end":{"line":19,"column":36}},"5":{"start":{"line":20,"column":12},"end":{"line":40,"column":13}},"6":{"start":{"line":21,"column":16},"end":{"line":39,"column":17}},"7":{"start":{"line":22,"column":20},"end":{"line":28,"column":21}},"8":{"start":{"line":23,"column":24},"end":{"line":23,"column":48}},"9":{"start":{"line":25,"column":24},"end":{"line":25,"column":30}},"10":{"start":{"line":27,"column":24},"end":{"line":27,"column":55}},"11":{"start":{"line":29,"column":23},"end":{"line":39,"column":17}},"12":{"start":{"line":30,"column":20},"end":{"line":36,"column":21}},"13":{"start":{"line":31,"column":24},"end":{"line":31,"column":49}},"14":{"start":{"line":33,"column":24},"end":{"line":33,"column":30}},"15":{"start":{"line":35,"column":24},"end":{"line":35,"column":56}},"16":{"start":{"line":38,"column":20},"end":{"line":38,"column":26}},"17":{"start":{"line":48,"column":8},"end":{"line":64,"column":24}},"18":{"start":{"line":49,"column":12},"end":{"line":49,"column":24}},"19":{"start":{"line":53,"column":13},"end":{"line":64,"column":24}},"20":{"start":{"line":54,"column":12},"end":{"line":54,"column":48}},"21":{"start":{"line":58,"column":13},"end":{"line":64,"column":24}},"22":{"start":{"line":59,"column":12},"end":{"line":59,"column":49}},"23":{"start":{"line":64,"column":12},"end":{"line":64,"column":24}},"24":{"start":{"line":68,"column":8},"end":{"line":74,"column":9}},"25":{"start":{"line":69,"column":12},"end":{"line":73,"column":13}},"26":{"start":{"line":70,"column":16},"end":{"line":70,"column":29}},"27":{"start":{"line":72,"column":16},"end":{"line":72,"column":28}},"28":{"start":{"line":75,"column":8},"end":{"line":75,"column":21}},"29":{"start":{"line":80,"column":8},"end":{"line":82,"column":9}},"30":{"start":{"line":81,"column":12},"end":{"line":81,"column":24}},"31":{"start":{"line":84,"column":8},"end":{"line":86,"column":9}},"32":{"start":{"line":85,"column":12},"end":{"line":85,"column":24}},"33":{"start":{"line":87,"column":8},"end":{"line":89,"column":9}},"34":{"start":{"line":88,"column":12},"end":{"line":88,"column":24}},"35":{"start":{"line":91,"column":8},"end":{"line":93,"column":9}},"36":{"start":{"line":92,"column":12},"end":{"line":92,"column":24}},"37":{"start":{"line":95,"column":8},"end":{"line":97,"column":9}},"38":{"start":{"line":96,"column":12},"end":{"line":96,"column":24}},"39":{"start":{"line":98,"column":8},"end":{"line":98,"column":55}},"40":{"start":{"line":102,"column":8},"end":{"line":102,"column":26}},"41":{"start":{"line":102,"column":19},"end":{"line":102,"column":26}},"42":{"start":{"line":104,"column":18},"end":{"line":104,"column":27}},"43":{"start":{"line":105,"column":8},"end":{"line":107,"column":9}},"44":{"start":{"line":106,"column":12},"end":{"line":106,"column":64}},"45":{"start":{"line":108,"column":8},"end":{"line":110,"column":9}},"46":{"start":{"line":109,"column":12},"end":{"line":109,"column":65}},"47":{"start":{"line":111,"column":8},"end":{"line":111,"column":20}}},"fnMap":{"0":{"name":"(anonymous_0)","decl":{"start":{"line":3,"column":4},"end":{"line":3,"column":5}},"loc":{"start":{"line":3,"column":18},"end":{"line":5,"column":5}},"line":3},"1":{"name":"(anonymous_1)","decl":{"start":{"line":7,"column":4},"end":{"line":7,"column":5}},"loc":{"start":{"line":7,"column":54},"end":{"line":42,"column":5}},"line":7},"2":{"name":"(anonymous_2)","decl":{"start":{"line":46,"column":4},"end":{"line":46,"column":5}},"loc":{"start":{"line":46,"column":23},"end":{"line":65,"column":5}},"line":46},"3":{"name":"(anonymous_3)","decl":{"start":{"line":67,"column":4},"end":{"line":67,"column":5}},"loc":{"start":{"line":67,"column":28},"end":{"line":76,"column":5}},"line":67},"4":{"name":"(anonymous_4)","decl":{"start":{"line":78,"column":4},"end":{"line":78,"column":5}},"loc":{"start":{"line":78,"column":26},"end":{"line":99,"column":5}},"line":78},"5":{"name":"(anonymous_5)","decl":{"start":{"line":101,"column":4},"end":{"line":101,"column":5}},"loc":{"start":{"line":101,"column":39},"end":{"line":112,"column":5}},"line":101}},"branchMap":{"0":{"loc":{"start":{"line":7,"column":27},"end":{"line":7,"column":38}},"type":"default-arg","locations":[{"start":{"line":7,"column":34},"end":{"line":7,"column":38}}],"line":7},"1":{"loc":{"start":{"line":7,"column":40},"end":{"line":7,"column":52}},"type":"default-arg","locations":[{"start":{"line":7,"column":48},"end":{"line":7,"column":52}}],"line":7},"2":{"loc":{"start":{"line":16,"column":8},"end":{"line":41,"column":9}},"type":"if","locations":[{"start":{"line":16,"column":8},"end":{"line":41,"column":9}},{"start":{"line":16,"column":8},"end":{"line":41,"column":9}}],"line":16},"3":{"loc":{"start":{"line":21,"column":16},"end":{"line":39,"column":17}},"type":"if","locations":[{"start":{"line":21,"column":16},"end":{"line":39,"column":17}},{"start":{"line":21,"column":16},"end":{"line":39,"column":17}}],"line":21},"4":{"loc":{"start":{"line":22,"column":20},"end":{"line":28,"column":21}},"type":"if","locations":[{"start":{"line":22,"column":20},"end":{"line":28,"column":21}},{"start":{"line":22,"column":20},"end":{"line":28,"column":21}}],"line":22},"5":{"loc":{"start":{"line":29,"column":23},"end":{"line":39,"column":17}},"type":"if","locations":[{"start":{"line":29,"column":23},"end":{"line":39,"column":17}},{"start":{"line":29,"column":23},"end":{"line":39,"column":17}}],"line":29},"6":{"loc":{"start":{"line":30,"column":20},"end":{"line":36,"column":21}},"type":"if","locations":[{"start":{"line":30,"column":20},"end":{"line":36,"column":21}},{"start":{"line":30,"column":20},"end":{"line":36,"column":21}}],"line":30},"7":{"loc":{"start":{"line":48,"column":8},"end":{"line":64,"column":24}},"type":"if","locations":[{"start":{"line":48,"column":8},"end":{"line":64,"column":24}},{"start":{"line":48,"column":8},"end":{"line":64,"column":24}}],"line":48},"8":{"loc":{"start":{"line":53,"column":13},"end":{"line":64,"column":24}},"type":"if","locations":[{"start":{"line":53,"column":13},"end":{"line":64,"column":24}},{"start":{"line":53,"column":13},"end":{"line":64,"column":24}}],"line":53},"9":{"loc":{"start":{"line":58,"column":13},"end":{"line":64,"column":24}},"type":"if","locations":[{"start":{"line":58,"column":13},"end":{"line":64,"column":24}},{"start":{"line":58,"column":13},"end":{"line":64,"column":24}}],"line":58},"10":{"loc":{"start":{"line":68,"column":8},"end":{"line":74,"column":9}},"type":"if","locations":[{"start":{"line":68,"column":8},"end":{"line":74,"column":9}},{"start":{"line":68,"column":8},"end":{"line":74,"column":9}}],"line":68},"11":{"loc":{"start":{"line":69,"column":12},"end":{"line":73,"column":13}},"type":"if","locations":[{"start":{"line":69,"column":12},"end":{"line":73,"column":13}},{"start":{"line":69,"column":12},"end":{"line":73,"column":13}}],"line":69},"12":{"loc":{"start":{"line":80,"column":8},"end":{"line":82,"column":9}},"type":"if","locations":[{"start":{"line":80,"column":8},"end":{"line":82,"column":9}},{"start":{"line":80,"column":8},"end":{"line":82,"column":9}}],"line":80},"13":{"loc":{"start":{"line":84,"column":8},"end":{"line":86,"column":9}},"type":"if","locations":[{"start":{"line":84,"column":8},"end":{"line":86,"column":9}},{"start":{"line":84,"column":8},"end":{"line":86,"column":9}}],"line":84},"14":{"loc":{"start":{"line":84,"column":12},"end":{"line":84,"column":72}},"type":"binary-expr","locations":[{"start":{"line":84,"column":12},"end":{"line":84,"column":40}},{"start":{"line":84,"column":44},"end":{"line":84,"column":72}}],"line":84},"15":{"loc":{"start":{"line":87,"column":8},"end":{"line":89,"column":9}},"type":"if","locations":[{"start":{"line":87,"column":8},"end":{"line":89,"column":9}},{"start":{"line":87,"column":8},"end":{"line":89,"column":9}}],"line":87},"16":{"loc":{"start":{"line":91,"column":8},"end":{"line":93,"column":9}},"type":"if","locations":[{"start":{"line":91,"column":8},"end":{"line":93,"column":9}},{"start":{"line":91,"column":8},"end":{"line":93,"column":9}}],"line":91},"17":{"loc":{"start":{"line":91,"column":12},"end":{"line":91,"column":58}},"type":"binary-expr","locations":[{"start":{"line":91,"column":12},"end":{"line":91,"column":33}},{"start":{"line":91,"column":37},"end":{"line":91,"column":58}}],"line":91},"18":{"loc":{"start":{"line":95,"column":8},"end":{"line":97,"column":9}},"type":"if","locations":[{"start":{"line":95,"column":8},"end":{"line":97,"column":9}},{"start":{"line":95,"column":8},"end":{"line":97,"column":9}}],"line":95},"19":{"loc":{"start":{"line":95,"column":12},"end":{"line":95,"column":58}},"type":"binary-expr","locations":[{"start":{"line":95,"column":12},"end":{"line":95,"column":33}},{"start":{"line":95,"column":37},"end":{"line":95,"column":58}}],"line":95},"20":{"loc":{"start":{"line":102,"column":8},"end":{"line":102,"column":26}},"type":"if","locations":[{"start":{"line":102,"column":8},"end":{"line":102,"column":26}},{"start":{"line":102,"column":8},"end":{"line":102,"column":26}}],"line":102},"21":{"loc":{"start":{"line":105,"column":8},"end":{"line":107,"column":9}},"type":"if","locations":[{"start":{"line":105,"column":8},"end":{"line":107,"column":9}},{"start":{"line":105,"column":8},"end":{"line":107,"column":9}}],"line":105},"22":{"loc":{"start":{"line":105,"column":12},"end":{"line":105,"column":32}},"type":"binary-expr","locations":[{"start":{"line":105,"column":12},"end":{"line":105,"column":20}},{"start":{"line":105,"column":24},"end":{"line":105,"column":32}}],"line":105},"23":{"loc":{"start":{"line":108,"column":8},"end":{"line":110,"column":9}},"type":"if","locations":[{"start":{"line":108,"column":8},"end":{"line":110,"column":9}},{"start":{"line":108,"column":8},"end":{"line":110,"column":9}}],"line":108},"24":{"loc":{"start":{"line":108,"column":12},"end":{"line":108,"column":32}},"type":"binary-expr","locations":[{"start":{"line":108,"column":12},"end":{"line":108,"column":20}},{"start":{"line":108,"column":24},"end":{"line":108,"column":32}}],"line":108}},"s":{"0":4,"1":35,"2":35,"3":4,"4":31,"5":31,"6":70,"7":20,"8":14,"9":14,"10":6,"11":50,"12":49,"13":16,"14":16,"15":33,"16":1,"17":74,"18":6,"19":68,"20":22,"21":46,"22":30,"23":16,"24":23,"25":22,"26":6,"27":16,"28":1,"29":14,"30":1,"31":13,"32":6,"33":7,"34":2,"35":5,"36":0,"37":5,"38":0,"39":5,"40":9,"41":0,"42":9,"43":9,"44":1,"45":8,"46":3,"47":5},"f":{"0":4,"1":35,"2":74,"3":23,"4":14,"5":9},"b":{"0":[35],"1":[35],"2":[4,31],"3":[20,50],"4":[14,6],"5":[49,1],"6":[16,33],"7":[6,68],"8":[22,46],"9":[30,16],"10":[22,1],"11":[6,16],"12":[1,13],"13":[6,7],"14":[13,9],"15":[2,5],"16":[0,5],"17":[5,5],"18":[0,5],"19":[5,5],"20":[0,9],"21":[1,8],"22":[9,2],"23":[3,5],"24":[8,7]},"_coverageSchema":"43e27e138ebf9cfc5966b082cf9a028302ed4184","hash":"606b5173850a40d06ddf32208afffea6f8b56664"}
}
