TN:
SF:/Users/jonathanwhite/Desktop/CSB 19:20/COMP SCI/SOFTWARE ENGINEERING/ASSIGNMENTS/LowestCommonAncestor/BinarySearchTree.js
FN:3,(anonymous_0)
FN:7,(anonymous_1)
FN:46,(anonymous_2)
FN:67,(anonymous_3)
FN:78,(anonymous_4)
FN:101,(anonymous_5)
FNF:6
FNH:6
FNDA:4,(anonymous_0)
FNDA:35,(anonymous_1)
FNDA:74,(anonymous_2)
FNDA:23,(anonymous_3)
FNDA:14,(anonymous_4)
FNDA:9,(anonymous_5)
DA:4,4
DA:8,35
DA:16,35
DA:17,4
DA:19,31
DA:20,31
DA:21,70
DA:22,20
DA:23,14
DA:25,14
DA:27,6
DA:29,50
DA:30,49
DA:31,16
DA:33,16
DA:35,33
DA:38,1
DA:48,74
DA:49,6
DA:53,68
DA:54,22
DA:58,46
DA:59,30
DA:64,16
DA:68,23
DA:69,22
DA:70,6
DA:72,16
DA:75,1
DA:80,14
DA:81,1
DA:84,13
DA:85,6
DA:87,7
DA:88,2
DA:91,5
DA:92,0
DA:95,5
DA:96,0
DA:98,5
DA:102,9
DA:104,9
DA:105,9
DA:106,1
DA:108,8
DA:109,3
DA:111,5
LF:47
LH:45
BRDA:7,0,0,35
BRDA:7,1,0,35
BRDA:16,2,0,4
BRDA:16,2,1,31
BRDA:21,3,0,20
BRDA:21,3,1,50
BRDA:22,4,0,14
BRDA:22,4,1,6
BRDA:29,5,0,49
BRDA:29,5,1,1
BRDA:30,6,0,16
BRDA:30,6,1,33
BRDA:48,7,0,6
BRDA:48,7,1,68
BRDA:53,8,0,22
BRDA:53,8,1,46
BRDA:58,9,0,30
BRDA:58,9,1,16
BRDA:68,10,0,22
BRDA:68,10,1,1
BRDA:69,11,0,6
BRDA:69,11,1,16
BRDA:80,12,0,1
BRDA:80,12,1,13
BRDA:84,13,0,6
BRDA:84,13,1,7
BRDA:84,14,0,13
BRDA:84,14,1,9
BRDA:87,15,0,2
BRDA:87,15,1,5
BRDA:91,16,0,0
BRDA:91,16,1,5
BRDA:91,17,0,5
BRDA:91,17,1,5
BRDA:95,18,0,0
BRDA:95,18,1,5
BRDA:95,19,0,5
BRDA:95,19,1,5
BRDA:102,20,0,0
BRDA:102,20,1,9
BRDA:105,21,0,1
BRDA:105,21,1,8
BRDA:105,22,0,9
BRDA:105,22,1,2
BRDA:108,23,0,3
BRDA:108,23,1,5
BRDA:108,24,0,8
BRDA:108,24,1,7
BRF:48
BRH:45
end_of_record
